<?xml version="1.0" encoding="UTF-8"?>
<coverage generated="1749242069660" clover="3.2.0">
  <project timestamp="1749242069661" name="All files">
    <metrics statements="81" coveredstatements="72" conditionals="30" coveredconditionals="24" methods="14" coveredmethods="8" elements="125" coveredelements="104" complexity="0" loc="81" ncloc="81" packages="2" files="3" classes="3"/>
    <package name="contexts">
      <metrics statements="11" coveredstatements="2" conditionals="2" coveredconditionals="0" methods="6" coveredmethods="0"/>
      <file name="AuthContext.jsx" path="/Users/jacobmarcus/Documents/Spring25/CSC307-Google2/packages/react-frontend/src/contexts/AuthContext.jsx">
        <metrics statements="11" coveredstatements="2" conditionals="2" coveredconditionals="0" methods="6" coveredmethods="0"/>
        <line num="4" count="2" type="stmt"/>
        <line num="13" count="0" type="stmt"/>
        <line num="16" count="0" type="cond" truecount="0" falsecount="2"/>
        <line num="19" count="0" type="stmt"/>
        <line num="20" count="0" type="stmt"/>
        <line num="21" count="0" type="stmt"/>
        <line num="25" count="0" type="stmt"/>
        <line num="26" count="0" type="stmt"/>
        <line num="27" count="0" type="stmt"/>
        <line num="30" count="0" type="stmt"/>
        <line num="37" count="2" type="stmt"/>
      </file>
    </package>
    <package name="pages">
      <metrics statements="70" coveredstatements="70" conditionals="28" coveredconditionals="24" methods="8" coveredmethods="8"/>
      <file name="login.jsx" path="/Users/jacobmarcus/Documents/Spring25/CSC307-Google2/packages/react-frontend/src/pages/login.jsx">
        <metrics statements="35" coveredstatements="35" conditionals="14" coveredconditionals="12" methods="4" coveredmethods="4"/>
        <line num="26" count="1" type="stmt"/>
        <line num="27" count="1" type="stmt"/>
        <line num="30" count="17" type="stmt"/>
        <line num="32" count="17" type="stmt"/>
        <line num="34" count="17" type="stmt"/>
        <line num="36" count="17" type="stmt"/>
        <line num="38" count="17" type="stmt"/>
        <line num="42" count="17" type="stmt"/>
        <line num="43" count="17" type="stmt"/>
        <line num="44" count="17" type="stmt"/>
        <line num="46" count="17" type="stmt"/>
        <line num="47" count="6" type="stmt"/>
        <line num="48" count="6" type="stmt"/>
        <line num="54" count="17" type="stmt"/>
        <line num="55" count="2" type="stmt"/>
        <line num="56" count="2" type="stmt"/>
        <line num="57" count="2" type="stmt"/>
        <line num="58" count="2" type="stmt"/>
        <line num="60" count="2" type="stmt"/>
        <line num="65" count="2" type="stmt"/>
        <line num="66" count="2" type="stmt"/>
        <line num="77" count="2" type="cond" truecount="2" falsecount="0"/>
        <line num="78" count="1" type="stmt"/>
        <line num="79" count="1" type="cond" truecount="1" falsecount="1"/>
        <line num="82" count="1" type="stmt"/>
        <line num="83" count="1" type="stmt"/>
        <line num="84" count="1" type="stmt"/>
        <line num="87" count="1" type="stmt"/>
        <line num="90" count="1" type="stmt"/>
        <line num="96" count="1" type="stmt"/>
        <line num="97" count="1" type="stmt"/>
        <line num="99" count="1" type="stmt"/>
        <line num="100" count="1" type="cond" truecount="1" falsecount="1"/>
        <line num="102" count="2" type="stmt"/>
        <line num="106" count="17" type="stmt"/>
      </file>
      <file name="signup.jsx" path="/Users/jacobmarcus/Documents/Spring25/CSC307-Google2/packages/react-frontend/src/pages/signup.jsx">
        <metrics statements="35" coveredstatements="35" conditionals="14" coveredconditionals="12" methods="4" coveredmethods="4"/>
        <line num="24" count="1" type="stmt"/>
        <line num="25" count="1" type="stmt"/>
        <line num="28" count="19" type="stmt"/>
        <line num="29" count="19" type="stmt"/>
        <line num="30" count="19" type="stmt"/>
        <line num="35" count="19" type="stmt"/>
        <line num="36" count="19" type="stmt"/>
        <line num="37" count="19" type="stmt"/>
        <line num="39" count="19" type="stmt"/>
        <line num="41" count="19" type="stmt"/>
        <line num="43" count="19" type="stmt"/>
        <line num="44" count="9" type="stmt"/>
        <line num="45" count="9" type="stmt"/>
        <line num="51" count="19" type="stmt"/>
        <line num="52" count="2" type="stmt"/>
        <line num="53" count="2" type="stmt"/>
        <line num="54" count="2" type="stmt"/>
        <line num="55" count="2" type="stmt"/>
        <line num="57" count="2" type="stmt"/>
        <line num="63" count="2" type="stmt"/>
        <line num="64" count="2" type="stmt"/>
        <line num="75" count="2" type="cond" truecount="2" falsecount="0"/>
        <line num="76" count="1" type="stmt"/>
        <line num="77" count="1" type="cond" truecount="1" falsecount="1"/>
        <line num="80" count="1" type="stmt"/>
        <line num="81" count="1" type="stmt"/>
        <line num="83" count="1" type="stmt"/>
        <line num="86" count="1" type="stmt"/>
        <line num="89" count="1" type="stmt"/>
        <line num="95" count="1" type="stmt"/>
        <line num="96" count="1" type="stmt"/>
        <line num="98" count="1" type="stmt"/>
        <line num="99" count="1" type="cond" truecount="1" falsecount="1"/>
        <line num="101" count="2" type="stmt"/>
        <line num="105" count="19" type="stmt"/>
      </file>
    </package>
  </project>
</coverage>
