{"/Users/jacobmarcus/Documents/Spring25/CSC307-Google2/packages/react-frontend/src/contexts/AuthContext.jsx": {"path":"/Users/jacobmarcus/Documents/Spring25/CSC307-Google2/packages/react-frontend/src/contexts/AuthContext.jsx","statementMap":{"0":{"start":{"line":4,"column":27},"end":{"line":9,"column":2}},"1":{"start":{"line":13,"column":28},"end":{"line":13,"column":73}},"2":{"start":{"line":13,"column":43},"end":{"line":13,"column":72}},"3":{"start":{"line":16,"column":17},"end":{"line":16,"column":73}},"4":{"start":{"line":19,"column":16},"end":{"line":22,"column":3}},"5":{"start":{"line":20,"column":4},"end":{"line":20,"column":44}},"6":{"start":{"line":21,"column":4},"end":{"line":21,"column":23}},"7":{"start":{"line":25,"column":17},"end":{"line":28,"column":3}},"8":{"start":{"line":26,"column":4},"end":{"line":26,"column":37}},"9":{"start":{"line":27,"column":4},"end":{"line":27,"column":19}},"10":{"start":{"line":30,"column":2},"end":{"line":34,"column":4}},"11":{"start":{"line":37,"column":0},"end":{"line":39,"column":2}}},"fnMap":{"0":{"name":"(anonymous_0)","decl":{"start":{"line":7,"column":9},"end":{"line":7,"column":10}},"loc":{"start":{"line":7,"column":15},"end":{"line":7,"column":17}},"line":7},"1":{"name":"(anonymous_1)","decl":{"start":{"line":8,"column":10},"end":{"line":8,"column":11}},"loc":{"start":{"line":8,"column":16},"end":{"line":8,"column":18}},"line":8},"2":{"name":"AuthProvider","decl":{"start":{"line":11,"column":16},"end":{"line":11,"column":28}},"loc":{"start":{"line":11,"column":43},"end":{"line":35,"column":1}},"line":11},"3":{"name":"(anonymous_3)","decl":{"start":{"line":13,"column":37},"end":{"line":13,"column":38}},"loc":{"start":{"line":13,"column":43},"end":{"line":13,"column":72}},"line":13},"4":{"name":"(anonymous_4)","decl":{"start":{"line":19,"column":16},"end":{"line":19,"column":17}},"loc":{"start":{"line":19,"column":30},"end":{"line":22,"column":3}},"line":19},"5":{"name":"(anonymous_5)","decl":{"start":{"line":25,"column":17},"end":{"line":25,"column":18}},"loc":{"start":{"line":25,"column":23},"end":{"line":28,"column":3}},"line":25}},"branchMap":{"0":{"loc":{"start":{"line":16,"column":17},"end":{"line":16,"column":73}},"type":"cond-expr","locations":[{"start":{"line":16,"column":25},"end":{"line":16,"column":66}},{"start":{"line":16,"column":69},"end":{"line":16,"column":73}}],"line":16}},"s":{"0":2,"1":0,"2":0,"3":0,"4":0,"5":0,"6":0,"7":0,"8":0,"9":0,"10":0,"11":2},"f":{"0":0,"1":0,"2":0,"3":0,"4":0,"5":0},"b":{"0":[0,0]},"_coverageSchema":"1a1c01bbd47fc00a2c39e90264f33305004495a9","hash":"7ba7d78e7100bf0c91b718137d1ea2420c572c1c"}
,"/Users/jacobmarcus/Documents/Spring25/CSC307-Google2/packages/react-frontend/src/pages/login.jsx": {"path":"/Users/jacobmarcus/Documents/Spring25/CSC307-Google2/packages/react-frontend/src/pages/login.jsx","statementMap":{"0":{"start":{"line":26,"column":19},"end":{"line":26,"column":36}},"1":{"start":{"line":27,"column":16},"end":{"line":27,"column":30}},"2":{"start":{"line":30,"column":19},"end":{"line":30,"column":32}},"3":{"start":{"line":32,"column":20},"end":{"line":32,"column":43}},"4":{"start":{"line":34,"column":42},"end":{"line":34,"column":57}},"5":{"start":{"line":36,"column":26},"end":{"line":36,"column":62}},"6":{"start":{"line":36,"column":32},"end":{"line":36,"column":62}},"7":{"start":{"line":38,"column":34},"end":{"line":41,"column":4}},"8":{"start":{"line":42,"column":32},"end":{"line":42,"column":47}},"9":{"start":{"line":43,"column":42},"end":{"line":43,"column":54}},"10":{"start":{"line":44,"column":46},"end":{"line":44,"column":58}},"11":{"start":{"line":46,"column":23},"end":{"line":52,"column":3}},"12":{"start":{"line":47,"column":28},"end":{"line":47,"column":40}},"13":{"start":{"line":48,"column":4},"end":{"line":51,"column":7}},"14":{"start":{"line":54,"column":23},"end":{"line":104,"column":3}},"15":{"start":{"line":55,"column":4},"end":{"line":55,"column":27}},"16":{"start":{"line":56,"column":4},"end":{"line":56,"column":21}},"17":{"start":{"line":57,"column":4},"end":{"line":57,"column":24}},"18":{"start":{"line":58,"column":4},"end":{"line":58,"column":26}},"19":{"start":{"line":60,"column":26},"end":{"line":63,"column":5}},"20":{"start":{"line":65,"column":4},"end":{"line":103,"column":5}},"21":{"start":{"line":66,"column":23},"end":{"line":75,"column":7}},"22":{"start":{"line":77,"column":6},"end":{"line":80,"column":7}},"23":{"start":{"line":78,"column":26},"end":{"line":78,"column":47}},"24":{"start":{"line":79,"column":8},"end":{"line":79,"column":62}},"25":{"start":{"line":82,"column":19},"end":{"line":82,"column":40}},"26":{"start":{"line":83,"column":6},"end":{"line":83,"column":24}},"27":{"start":{"line":84,"column":6},"end":{"line":84,"column":56}},"28":{"start":{"line":87,"column":6},"end":{"line":87,"column":56}},"29":{"start":{"line":90,"column":6},"end":{"line":93,"column":9}},"30":{"start":{"line":96,"column":30},"end":{"line":96,"column":72}},"31":{"start":{"line":97,"column":6},"end":{"line":97,"column":38}},"32":{"start":{"line":99,"column":6},"end":{"line":99,"column":51}},"33":{"start":{"line":100,"column":6},"end":{"line":100,"column":75}},"34":{"start":{"line":102,"column":6},"end":{"line":102,"column":24}},"35":{"start":{"line":106,"column":2},"end":{"line":204,"column":4}}},"fnMap":{"0":{"name":"Login","decl":{"start":{"line":29,"column":9},"end":{"line":29,"column":14}},"loc":{"start":{"line":29,"column":17},"end":{"line":205,"column":1}},"line":29},"1":{"name":"(anonymous_1)","decl":{"start":{"line":36,"column":26},"end":{"line":36,"column":27}},"loc":{"start":{"line":36,"column":32},"end":{"line":36,"column":62}},"line":36},"2":{"name":"(anonymous_2)","decl":{"start":{"line":46,"column":23},"end":{"line":46,"column":24}},"loc":{"start":{"line":46,"column":34},"end":{"line":52,"column":3}},"line":46},"3":{"name":"(anonymous_3)","decl":{"start":{"line":54,"column":23},"end":{"line":54,"column":24}},"loc":{"start":{"line":54,"column":40},"end":{"line":104,"column":3}},"line":54}},"branchMap":{"0":{"loc":{"start":{"line":77,"column":6},"end":{"line":80,"column":7}},"type":"if","locations":[{"start":{"line":77,"column":6},"end":{"line":80,"column":7}},{"start":{},"end":{}}],"line":77},"1":{"loc":{"start":{"line":79,"column":24},"end":{"line":79,"column":60}},"type":"binary-expr","locations":[{"start":{"line":79,"column":24},"end":{"line":79,"column":39}},{"start":{"line":79,"column":43},"end":{"line":79,"column":60}}],"line":79},"2":{"loc":{"start":{"line":100,"column":22},"end":{"line":100,"column":73}},"type":"binary-expr","locations":[{"start":{"line":100,"column":22},"end":{"line":100,"column":35}},{"start":{"line":100,"column":39},"end":{"line":100,"column":73}}],"line":100},"3":{"loc":{"start":{"line":153,"column":26},"end":{"line":153,"column":60}},"type":"cond-expr","locations":[{"start":{"line":153,"column":41},"end":{"line":153,"column":47}},{"start":{"line":153,"column":50},"end":{"line":153,"column":60}}],"line":153},"4":{"loc":{"start":{"line":162,"column":23},"end":{"line":162,"column":53}},"type":"cond-expr","locations":[{"start":{"line":162,"column":38},"end":{"line":162,"column":44}},{"start":{"line":162,"column":47},"end":{"line":162,"column":53}}],"line":162},"5":{"loc":{"start":{"line":169,"column":15},"end":{"line":173,"column":15}},"type":"binary-expr","locations":[{"start":{"line":169,"column":15},"end":{"line":169,"column":27}},{"start":{"line":170,"column":16},"end":{"line":172,"column":23}}],"line":169},"6":{"loc":{"start":{"line":176,"column":15},"end":{"line":180,"column":15}},"type":"binary-expr","locations":[{"start":{"line":176,"column":15},"end":{"line":176,"column":29}},{"start":{"line":177,"column":16},"end":{"line":179,"column":23}}],"line":176}},"s":{"0":1,"1":1,"2":17,"3":17,"4":17,"5":17,"6":2,"7":17,"8":17,"9":17,"10":17,"11":17,"12":6,"13":6,"14":17,"15":2,"16":2,"17":2,"18":2,"19":2,"20":2,"21":2,"22":2,"23":1,"24":1,"25":1,"26":1,"27":1,"28":1,"29":1,"30":1,"31":1,"32":1,"33":1,"34":2,"35":17},"f":{"0":17,"1":2,"2":6,"3":2},"b":{"0":[1,1],"1":[1,0],"2":[1,0],"3":[1,16],"4":[1,16],"5":[17,1],"6":[17,1]},"_coverageSchema":"1a1c01bbd47fc00a2c39e90264f33305004495a9","hash":"205027bad1e65247c0befcf36c3398e804dbd4a7"}
,"/Users/jacobmarcus/Documents/Spring25/CSC307-Google2/packages/react-frontend/src/pages/signup.jsx": {"path":"/Users/jacobmarcus/Documents/Spring25/CSC307-Google2/packages/react-frontend/src/pages/signup.jsx","statementMap":{"0":{"start":{"line":24,"column":19},"end":{"line":24,"column":36}},"1":{"start":{"line":25,"column":21},"end":{"line":25,"column":40}},"2":{"start":{"line":28,"column":19},"end":{"line":28,"column":32}},"3":{"start":{"line":29,"column":42},"end":{"line":29,"column":57}},"4":{"start":{"line":30,"column":34},"end":{"line":34,"column":4}},"5":{"start":{"line":35,"column":32},"end":{"line":35,"column":47}},"6":{"start":{"line":36,"column":42},"end":{"line":36,"column":54}},"7":{"start":{"line":37,"column":46},"end":{"line":37,"column":58}},"8":{"start":{"line":39,"column":20},"end":{"line":39,"column":43}},"9":{"start":{"line":41,"column":26},"end":{"line":41,"column":62}},"10":{"start":{"line":41,"column":32},"end":{"line":41,"column":62}},"11":{"start":{"line":43,"column":23},"end":{"line":49,"column":3}},"12":{"start":{"line":44,"column":28},"end":{"line":44,"column":40}},"13":{"start":{"line":45,"column":4},"end":{"line":48,"column":7}},"14":{"start":{"line":51,"column":23},"end":{"line":103,"column":3}},"15":{"start":{"line":52,"column":4},"end":{"line":52,"column":27}},"16":{"start":{"line":53,"column":4},"end":{"line":53,"column":21}},"17":{"start":{"line":54,"column":4},"end":{"line":54,"column":24}},"18":{"start":{"line":55,"column":4},"end":{"line":55,"column":26}},"19":{"start":{"line":57,"column":26},"end":{"line":61,"column":5}},"20":{"start":{"line":63,"column":4},"end":{"line":102,"column":5}},"21":{"start":{"line":64,"column":23},"end":{"line":73,"column":7}},"22":{"start":{"line":75,"column":6},"end":{"line":78,"column":7}},"23":{"start":{"line":76,"column":26},"end":{"line":76,"column":47}},"24":{"start":{"line":77,"column":8},"end":{"line":77,"column":64}},"25":{"start":{"line":80,"column":19},"end":{"line":80,"column":40}},"26":{"start":{"line":81,"column":6},"end":{"line":81,"column":24}},"27":{"start":{"line":83,"column":6},"end":{"line":83,"column":54}},"28":{"start":{"line":86,"column":6},"end":{"line":86,"column":54}},"29":{"start":{"line":89,"column":6},"end":{"line":93,"column":9}},"30":{"start":{"line":95,"column":30},"end":{"line":95,"column":72}},"31":{"start":{"line":96,"column":6},"end":{"line":96,"column":38}},"32":{"start":{"line":98,"column":6},"end":{"line":98,"column":52}},"33":{"start":{"line":99,"column":6},"end":{"line":99,"column":76}},"34":{"start":{"line":101,"column":6},"end":{"line":101,"column":24}},"35":{"start":{"line":105,"column":2},"end":{"line":220,"column":4}}},"fnMap":{"0":{"name":"Signup","decl":{"start":{"line":27,"column":9},"end":{"line":27,"column":15}},"loc":{"start":{"line":27,"column":18},"end":{"line":221,"column":1}},"line":27},"1":{"name":"(anonymous_1)","decl":{"start":{"line":41,"column":26},"end":{"line":41,"column":27}},"loc":{"start":{"line":41,"column":32},"end":{"line":41,"column":62}},"line":41},"2":{"name":"(anonymous_2)","decl":{"start":{"line":43,"column":23},"end":{"line":43,"column":24}},"loc":{"start":{"line":43,"column":34},"end":{"line":49,"column":3}},"line":43},"3":{"name":"(anonymous_3)","decl":{"start":{"line":51,"column":23},"end":{"line":51,"column":24}},"loc":{"start":{"line":51,"column":40},"end":{"line":103,"column":3}},"line":51}},"branchMap":{"0":{"loc":{"start":{"line":75,"column":6},"end":{"line":78,"column":7}},"type":"if","locations":[{"start":{"line":75,"column":6},"end":{"line":78,"column":7}},{"start":{},"end":{}}],"line":75},"1":{"loc":{"start":{"line":77,"column":24},"end":{"line":77,"column":62}},"type":"binary-expr","locations":[{"start":{"line":77,"column":24},"end":{"line":77,"column":39}},{"start":{"line":77,"column":43},"end":{"line":77,"column":62}}],"line":77},"2":{"loc":{"start":{"line":99,"column":22},"end":{"line":99,"column":74}},"type":"binary-expr","locations":[{"start":{"line":99,"column":22},"end":{"line":99,"column":35}},{"start":{"line":99,"column":39},"end":{"line":99,"column":74}}],"line":99},"3":{"loc":{"start":{"line":166,"column":26},"end":{"line":166,"column":60}},"type":"cond-expr","locations":[{"start":{"line":166,"column":41},"end":{"line":166,"column":47}},{"start":{"line":166,"column":50},"end":{"line":166,"column":60}}],"line":166},"4":{"loc":{"start":{"line":174,"column":23},"end":{"line":174,"column":53}},"type":"cond-expr","locations":[{"start":{"line":174,"column":38},"end":{"line":174,"column":44}},{"start":{"line":174,"column":47},"end":{"line":174,"column":53}}],"line":174},"5":{"loc":{"start":{"line":181,"column":15},"end":{"line":185,"column":15}},"type":"binary-expr","locations":[{"start":{"line":181,"column":15},"end":{"line":181,"column":27}},{"start":{"line":182,"column":16},"end":{"line":184,"column":23}}],"line":181},"6":{"loc":{"start":{"line":188,"column":15},"end":{"line":192,"column":15}},"type":"binary-expr","locations":[{"start":{"line":188,"column":15},"end":{"line":188,"column":29}},{"start":{"line":189,"column":16},"end":{"line":191,"column":23}}],"line":188}},"s":{"0":1,"1":1,"2":19,"3":19,"4":19,"5":19,"6":19,"7":19,"8":19,"9":19,"10":1,"11":19,"12":9,"13":9,"14":19,"15":2,"16":2,"17":2,"18":2,"19":2,"20":2,"21":2,"22":2,"23":1,"24":1,"25":1,"26":1,"27":1,"28":1,"29":1,"30":1,"31":1,"32":1,"33":1,"34":2,"35":19},"f":{"0":19,"1":1,"2":9,"3":2},"b":{"0":[1,1],"1":[1,0],"2":[1,0],"3":[1,18],"4":[1,18],"5":[19,1],"6":[19,1]},"_coverageSchema":"1a1c01bbd47fc00a2c39e90264f33305004495a9","hash":"aa20f0fe6ec2cb2695f8ee5036d16ab0d3e3073e"}
}
