TN:
SF:src/contexts/AuthContext.jsx
FN:7,(anonymous_0)
FN:8,(anonymous_1)
FN:11,AuthProvider
FN:13,(anonymous_3)
FN:19,(anonymous_4)
FN:25,(anonymous_5)
FNF:6
FNH:0
FNDA:0,(anonymous_0)
FNDA:0,(anonymous_1)
FNDA:0,AuthProvider
FNDA:0,(anonymous_3)
FNDA:0,(anonymous_4)
FNDA:0,(anonymous_5)
DA:4,2
DA:13,0
DA:16,0
DA:19,0
DA:20,0
DA:21,0
DA:25,0
DA:26,0
DA:27,0
DA:30,0
DA:37,2
LF:11
LH:2
BRDA:16,0,0,0
BRDA:16,0,1,0
BRF:2
BRH:0
end_of_record
TN:
SF:src/pages/login.jsx
FN:29,Login
FN:36,(anonymous_1)
FN:46,(anonymous_2)
FN:54,(anonymous_3)
FNF:4
FNH:4
FNDA:17,Login
FNDA:2,(anonymous_1)
FNDA:6,(anonymous_2)
FNDA:2,(anonymous_3)
DA:26,1
DA:27,1
DA:30,17
DA:32,17
DA:34,17
DA:36,17
DA:38,17
DA:42,17
DA:43,17
DA:44,17
DA:46,17
DA:47,6
DA:48,6
DA:54,17
DA:55,2
DA:56,2
DA:57,2
DA:58,2
DA:60,2
DA:65,2
DA:66,2
DA:77,2
DA:78,1
DA:79,1
DA:82,1
DA:83,1
DA:84,1
DA:87,1
DA:90,1
DA:96,1
DA:97,1
DA:99,1
DA:100,1
DA:102,2
DA:106,17
LF:35
LH:35
BRDA:77,0,0,1
BRDA:77,0,1,1
BRDA:79,1,0,1
BRDA:79,1,1,0
BRDA:100,2,0,1
BRDA:100,2,1,0
BRDA:153,3,0,1
BRDA:153,3,1,16
BRDA:162,4,0,1
BRDA:162,4,1,16
BRDA:169,5,0,17
BRDA:169,5,1,1
BRDA:176,6,0,17
BRDA:176,6,1,1
BRF:14
BRH:12
end_of_record
TN:
SF:src/pages/signup.jsx
FN:27,Signup
FN:41,(anonymous_1)
FN:43,(anonymous_2)
FN:51,(anonymous_3)
FNF:4
FNH:4
FNDA:19,Signup
FNDA:1,(anonymous_1)
FNDA:9,(anonymous_2)
FNDA:2,(anonymous_3)
DA:24,1
DA:25,1
DA:28,19
DA:29,19
DA:30,19
DA:35,19
DA:36,19
DA:37,19
DA:39,19
DA:41,19
DA:43,19
DA:44,9
DA:45,9
DA:51,19
DA:52,2
DA:53,2
DA:54,2
DA:55,2
DA:57,2
DA:63,2
DA:64,2
DA:75,2
DA:76,1
DA:77,1
DA:80,1
DA:81,1
DA:83,1
DA:86,1
DA:89,1
DA:95,1
DA:96,1
DA:98,1
DA:99,1
DA:101,2
DA:105,19
LF:35
LH:35
BRDA:75,0,0,1
BRDA:75,0,1,1
BRDA:77,1,0,1
BRDA:77,1,1,0
BRDA:99,2,0,1
BRDA:99,2,1,0
BRDA:166,3,0,1
BRDA:166,3,1,18
BRDA:174,4,0,1
BRDA:174,4,1,18
BRDA:181,5,0,19
BRDA:181,5,1,1
BRDA:188,6,0,19
BRDA:188,6,1,1
BRF:14
BRH:12
end_of_record
